<?xml version="1.0" encoding="UTF-8"?>
<!-- Generated by org.testng.reporters.JUnitReportReporter -->
<testsuite hostname="DESKTOP-LQLKO8F" failures="0" tests="1" name="com.cp.TestCases.HomePageTest" time="20.334" errors="0" timestamp="2023-01-10T15:41:07 IST" skipped="0">
  <testcase classname="com.cp.TestCases.HomePageTest" name="TC_Coursera" time="20.334"/>
  <system-out/>
</testsuite> <!-- com.cp.TestCases.HomePageTest -->
